.android/plugins_build_output/qr_code_scanner/intermediates/manifest_merge_blame_file/debug/manifest-merger-blame-debug-report.txt
1<?xml version="1.0" encoding="utf-8"?>
2<manifest xmlns:android="http://schemas.android.com/apk/res/android"
3    xmlns:tools="http://schemas.android.com/tools"
4    package="net.touchcapture.qr.flutterqr" >
5
6    <uses-sdk
6-->src/main/AndroidManifest.xml:3:3-71
7        android:minSdkVersion="20"
7-->src/main/AndroidManifest.xml:3:3-71
8        android:targetSdkVersion="32"
8-->src/main/AndroidManifest.xml:3:3-71
9        tools:overrideLibrary="com.google.zxing.client.android" />
9-->src/main/AndroidManifest.xml:3:13-68
10
11</manifest>